<?xml version="1.0" encoding="UTF-8"?>
<testsuite name="com.cdt.credito.CreditoApplicationTests" tests="1" skipped="0" failures="0" errors="0" timestamp="2018-05-21T17:55:16" hostname="localhost.localdomain" time="0.006">
  <properties/>
  <testcase name="contextLoads" classname="com.cdt.credito.CreditoApplicationTests" time="0.006"/>
  <system-out><![CDATA[2018-05-21 14:55:16.662  INFO 29764 --- [    Test worker] .b.t.c.SpringBootTestContextBootstrapper : Neither @ContextConfiguration nor @ContextHierarchy found for test class [com.cdt.credito.CreditoApplicationTests], using SpringBootContextLoader
2018-05-21 14:55:16.666  INFO 29764 --- [    Test worker] o.s.t.c.support.AbstractContextLoader    : Could not detect default resource locations for test class [com.cdt.credito.CreditoApplicationTests]: no resource found for suffixes {-context.xml, Context.groovy}.
2018-05-21 14:55:16.669  INFO 29764 --- [    Test worker] t.c.s.AnnotationConfigContextLoaderUtils : Could not detect default configuration classes for test class [com.cdt.credito.CreditoApplicationTests]: CreditoApplicationTests does not declare any static, non-private, non-final, nested classes annotated with @Configuration.
2018-05-21 14:55:16.676  INFO 29764 --- [    Test worker] .b.t.c.SpringBootTestContextBootstrapper : Found @SpringBootConfiguration com.cdt.credito.CreditoApplication for test class com.cdt.credito.CreditoApplicationTests
2018-05-21 14:55:16.678  INFO 29764 --- [    Test worker] .b.t.c.SpringBootTestContextBootstrapper : Loaded default TestExecutionListener class names from location [META-INF/spring.factories]: [org.springframework.security.test.context.support.WithSecurityContextTestExecutionListener, org.springframework.boot.test.autoconfigure.restdocs.RestDocsTestExecutionListener, org.springframework.boot.test.autoconfigure.web.client.MockRestServiceServerResetTestExecutionListener, org.springframework.boot.test.autoconfigure.web.servlet.MockMvcPrintOnlyOnFailureTestExecutionListener, org.springframework.boot.test.autoconfigure.web.servlet.WebDriverTestExecutionListener, org.springframework.boot.test.mock.mockito.MockitoTestExecutionListener, org.springframework.boot.test.mock.mockito.ResetMocksTestExecutionListener, org.springframework.test.context.web.ServletTestExecutionListener, org.springframework.test.context.support.DirtiesContextBeforeModesTestExecutionListener, org.springframework.test.context.support.DependencyInjectionTestExecutionListener, org.springframework.test.context.support.DirtiesContextTestExecutionListener, org.springframework.test.context.transaction.TransactionalTestExecutionListener, org.springframework.test.context.jdbc.SqlScriptsTestExecutionListener]
2018-05-21 14:55:16.683  INFO 29764 --- [    Test worker] .b.t.c.SpringBootTestContextBootstrapper : Using TestExecutionListeners: [org.springframework.test.context.web.ServletTestExecutionListener@608b1267, org.springframework.test.context.support.DirtiesContextBeforeModesTestExecutionListener@2b412966, org.springframework.boot.test.autoconfigure.SpringBootDependencyInjectionTestExecutionListener@73cf44ca, org.springframework.test.context.support.DirtiesContextTestExecutionListener@5e5683bf, org.springframework.test.context.transaction.TransactionalTestExecutionListener@66f6aa38, org.springframework.test.context.jdbc.SqlScriptsTestExecutionListener@445eb599, org.springframework.security.test.context.support.WithSecurityContextTestExecutionListener@4d3e50cc, org.springframework.boot.test.autoconfigure.restdocs.RestDocsTestExecutionListener@271f69af, org.springframework.boot.test.autoconfigure.web.servlet.MockMvcPrintOnlyOnFailureTestExecutionListener@746ba01e, org.springframework.boot.test.mock.mockito.MockitoTestExecutionListener@45a83177, org.springframework.boot.test.autoconfigure.web.client.MockRestServiceServerResetTestExecutionListener@7aafa13e, org.springframework.boot.test.autoconfigure.web.servlet.WebDriverTestExecutionListener@2621edd5, org.springframework.boot.test.mock.mockito.ResetMocksTestExecutionListener@fe3c25f]
]]></system-out>
  <system-err><![CDATA[]]></system-err>
</testsuite>
